[2018-08-11 11:36:22] selfoss.ERROR: failed to retrieve image http://www.nordbayern.de/favicon.ico, {"exception":"[object] (GuzzleHttp\\Exception\\ClientException(code: 404): Client error response [url] http://www.nordbayern.de/errorpage/errorurl/http%3A%252F%252Fwww.nordbayern.de%252Ffavicon.ico/errorcode/404 [status code] 404 [reason phrase] Not Found at /srv/www/intra.osx.de/selfoss/vendor/guzzlehttp/guzzle/src/Exception/RequestException.php:89)
[stacktrace]
#0 /srv/www/intra.osx.de/selfoss/vendor/guzzlehttp/guzzle/src/Subscriber/HttpError.php(33): GuzzleHttp\\Exception\\RequestException::create(Object(GuzzleHttp\\Message\\Request), Object(GuzzleHttp\\Message\\Response))
#1 /srv/www/intra.osx.de/selfoss/vendor/guzzlehttp/guzzle/src/Event/Emitter.php(108): GuzzleHttp\\Subscriber\\HttpError->onComplete(Object(GuzzleHttp\\Event\\CompleteEvent), 'complete')
#2 /srv/www/intra.osx.de/selfoss/vendor/guzzlehttp/guzzle/src/RequestFsm.php(91): GuzzleHttp\\Event\\Emitter->emit('complete', Object(GuzzleHttp\\Event\\CompleteEvent))
#3 /srv/www/intra.osx.de/selfoss/vendor/guzzlehttp/guzzle/src/RequestFsm.php(132): GuzzleHttp\\RequestFsm->__invoke(Object(GuzzleHttp\\Transaction))
#4 /srv/www/intra.osx.de/selfoss/vendor/react/promise/src/FulfilledPromise.php(25): GuzzleHttp\\RequestFsm->GuzzleHttp\\{closure}(Array)
#5 /srv/www/intra.osx.de/selfoss/vendor/guzzlehttp/ringphp/src/Future/CompletedFutureValue.php(55): React\\Promise\\FulfilledPromise->then(Object(Closure), NULL, NULL)
#6 /srv/www/intra.osx.de/selfoss/vendor/guzzlehttp/guzzle/src/Message/FutureResponse.php(43): GuzzleHttp\\Ring\\Future\\CompletedFutureValue->then(Object(Closure), NULL, NULL)
#7 /srv/www/intra.osx.de/selfoss/vendor/guzzlehttp/guzzle/src/RequestFsm.php(135): GuzzleHttp\\Message\\FutureResponse::proxy(Object(GuzzleHttp\\Ring\\Future\\CompletedFutureArray), Object(Closure))
#8 /srv/www/intra.osx.de/selfoss/vendor/guzzlehttp/guzzle/src/RequestFsm.php(132): GuzzleHttp\\RequestFsm->__invoke(Object(GuzzleHttp\\Transaction))
#9 /srv/www/intra.osx.de/selfoss/vendor/react/promise/src/FulfilledPromise.php(25): GuzzleHttp\\RequestFsm->GuzzleHttp\\{closure}(Array)
#10 /srv/www/intra.osx.de/selfoss/vendor/guzzlehttp/ringphp/src/Future/CompletedFutureValue.php(55): React\\Promise\\FulfilledPromise->then(Object(Closure), NULL, NULL)
#11 /srv/www/intra.osx.de/selfoss/vendor/guzzlehttp/guzzle/src/Message/FutureResponse.php(43): GuzzleHttp\\Ring\\Future\\CompletedFutureValue->then(Object(Closure), NULL, NULL)
#12 /srv/www/intra.osx.de/selfoss/vendor/guzzlehttp/guzzle/src/RequestFsm.php(135): GuzzleHttp\\Message\\FutureResponse::proxy(Object(GuzzleHttp\\Ring\\Future\\CompletedFutureArray), Object(Closure))
#13 /srv/www/intra.osx.de/selfoss/vendor/guzzlehttp/guzzle/src/Client.php(165): GuzzleHttp\\RequestFsm->__invoke(Object(GuzzleHttp\\Transaction))
#14 /srv/www/intra.osx.de/selfoss/vendor/guzzlehttp/guzzle/src/Client.php(125): GuzzleHttp\\Client->send(Object(GuzzleHttp\\Message\\Request))
#15 /srv/www/intra.osx.de/selfoss/helpers/WebClient.php(77): GuzzleHttp\\Client->get('http://www.nord...')
#16 /srv/www/intra.osx.de/selfoss/helpers/Image.php(99): helpers\\WebClient::request('http://www.nord...')
#17 /srv/www/intra.osx.de/selfoss/helpers/Image.php(75): helpers\\Image->loadImage('http://www.nord...', false, false)
#18 /srv/www/intra.osx.de/selfoss/spouts/rss/feed.php(253): helpers\\Image->fetchFavicon('http://www.nord...', true)
#19 /srv/www/intra.osx.de/selfoss/helpers/ContentLoader.php(177): spouts\ss\\feed->getIcon()
#20 /srv/www/intra.osx.de/selfoss/helpers/ContentLoader.php(35): helpers\\ContentLoader->fetch(Array)
#21 /srv/www/intra.osx.de/selfoss/controllers/Index.php(181): helpers\\ContentLoader->update()
#22 [internal function]: controllers\\Index->update(Object(Base), Array, 'controllers\\\\Ind...')
#23 /srv/www/intra.osx.de/selfoss/vendor/bcosca/fatfree-core/base.php(1806): call_user_func_array(Array, Array)
#24 /srv/www/intra.osx.de/selfoss/vendor/bcosca/fatfree-core/base.php(1627): Base->call('controllers\\\\Ind...', Array, 'beforeroute,aft...')
#25 /srv/www/intra.osx.de/selfoss/index.php(80): Base->run()
#26 {main}
"} 
[2018-08-11 12:10:06] selfoss.ERROR: failed to retrieve image http://www.nordbayern.de/favicon.ico, {"exception":"[object] (GuzzleHttp\\Exception\\ClientException(code: 404): Client error response [url] http://www.nordbayern.de/errorpage/errorurl/http%3A%252F%252Fwww.nordbayern.de%252Ffavicon.ico/errorcode/404 [status code] 404 [reason phrase] Not Found at /srv/www/intra.osx.de/selfoss/vendor/guzzlehttp/guzzle/src/Exception/RequestException.php:89)
[stacktrace]
#0 /srv/www/intra.osx.de/selfoss/vendor/guzzlehttp/guzzle/src/Subscriber/HttpError.php(33): GuzzleHttp\\Exception\\RequestException::create(Object(GuzzleHttp\\Message\\Request), Object(GuzzleHttp\\Message\\Response))
#1 /srv/www/intra.osx.de/selfoss/vendor/guzzlehttp/guzzle/src/Event/Emitter.php(108): GuzzleHttp\\Subscriber\\HttpError->onComplete(Object(GuzzleHttp\\Event\\CompleteEvent), 'complete')
#2 /srv/www/intra.osx.de/selfoss/vendor/guzzlehttp/guzzle/src/RequestFsm.php(91): GuzzleHttp\\Event\\Emitter->emit('complete', Object(GuzzleHttp\\Event\\CompleteEvent))
#3 /srv/www/intra.osx.de/selfoss/vendor/guzzlehttp/guzzle/src/RequestFsm.php(132): GuzzleHttp\\RequestFsm->__invoke(Object(GuzzleHttp\\Transaction))
#4 /srv/www/intra.osx.de/selfoss/vendor/react/promise/src/FulfilledPromise.php(25): GuzzleHttp\\RequestFsm->GuzzleHttp\\{closure}(Array)
#5 /srv/www/intra.osx.de/selfoss/vendor/guzzlehttp/ringphp/src/Future/CompletedFutureValue.php(55): React\\Promise\\FulfilledPromise->then(Object(Closure), NULL, NULL)
#6 /srv/www/intra.osx.de/selfoss/vendor/guzzlehttp/guzzle/src/Message/FutureResponse.php(43): GuzzleHttp\\Ring\\Future\\CompletedFutureValue->then(Object(Closure), NULL, NULL)
#7 /srv/www/intra.osx.de/selfoss/vendor/guzzlehttp/guzzle/src/RequestFsm.php(135): GuzzleHttp\\Message\\FutureResponse::proxy(Object(GuzzleHttp\\Ring\\Future\\CompletedFutureArray), Object(Closure))
#8 /srv/www/intra.osx.de/selfoss/vendor/guzzlehttp/guzzle/src/RequestFsm.php(132): GuzzleHttp\\RequestFsm->__invoke(Object(GuzzleHttp\\Transaction))
#9 /srv/www/intra.osx.de/selfoss/vendor/react/promise/src/FulfilledPromise.php(25): GuzzleHttp\\RequestFsm->GuzzleHttp\\{closure}(Array)
#10 /srv/www/intra.osx.de/selfoss/vendor/guzzlehttp/ringphp/src/Future/CompletedFutureValue.php(55): React\\Promise\\FulfilledPromise->then(Object(Closure), NULL, NULL)
#11 /srv/www/intra.osx.de/selfoss/vendor/guzzlehttp/guzzle/src/Message/FutureResponse.php(43): GuzzleHttp\\Ring\\Future\\CompletedFutureValue->then(Object(Closure), NULL, NULL)
#12 /srv/www/intra.osx.de/selfoss/vendor/guzzlehttp/guzzle/src/RequestFsm.php(135): GuzzleHttp\\Message\\FutureResponse::proxy(Object(GuzzleHttp\\Ring\\Future\\CompletedFutureArray), Object(Closure))
#13 /srv/www/intra.osx.de/selfoss/vendor/guzzlehttp/guzzle/src/Client.php(165): GuzzleHttp\\RequestFsm->__invoke(Object(GuzzleHttp\\Transaction))
#14 /srv/www/intra.osx.de/selfoss/vendor/guzzlehttp/guzzle/src/Client.php(125): GuzzleHttp\\Client->send(Object(GuzzleHttp\\Message\\Request))
#15 /srv/www/intra.osx.de/selfoss/helpers/WebClient.php(77): GuzzleHttp\\Client->get('http://www.nord...')
#16 /srv/www/intra.osx.de/selfoss/helpers/Image.php(99): helpers\\WebClient::request('http://www.nord...')
#17 /srv/www/intra.osx.de/selfoss/helpers/Image.php(75): helpers\\Image->loadImage('http://www.nord...', false, false)
#18 /srv/www/intra.osx.de/selfoss/spouts/rss/feed.php(253): helpers\\Image->fetchFavicon('http://www.nord...', true)
#19 /srv/www/intra.osx.de/selfoss/helpers/ContentLoader.php(177): spouts\ss\\feed->getIcon()
#20 /srv/www/intra.osx.de/selfoss/helpers/ContentLoader.php(35): helpers\\ContentLoader->fetch(Array)
#21 /srv/www/intra.osx.de/selfoss/controllers/Index.php(181): helpers\\ContentLoader->update()
#22 [internal function]: controllers\\Index->update(Object(Base), Array, 'controllers\\\\Ind...')
#23 /srv/www/intra.osx.de/selfoss/vendor/bcosca/fatfree-core/base.php(1806): call_user_func_array(Array, Array)
#24 /srv/www/intra.osx.de/selfoss/vendor/bcosca/fatfree-core/base.php(1627): Base->call('controllers\\\\Ind...', Array, 'beforeroute,aft...')
#25 /srv/www/intra.osx.de/selfoss/index.php(80): Base->run()
#26 {main}
"} 
[2018-08-11 12:19:56] selfoss.ERROR: HTTP 404 (GET /source-19)  
[2018-08-11 15:14:07] selfoss.ERROR: failed to retrieve image http://www.nordbayern.de/favicon.ico, {"exception":"[object] (GuzzleHttp\\Exception\\ClientException(code: 404): Client error response [url] http://www.nordbayern.de/errorpage/errorurl/http%3A%252F%252Fwww.nordbayern.de%252Ffavicon.ico/errorcode/404 [status code] 404 [reason phrase] Not Found at /srv/www/intra.osx.de/selfoss/vendor/guzzlehttp/guzzle/src/Exception/RequestException.php:89)
[stacktrace]
#0 /srv/www/intra.osx.de/selfoss/vendor/guzzlehttp/guzzle/src/Subscriber/HttpError.php(33): GuzzleHttp\\Exception\\RequestException::create(Object(GuzzleHttp\\Message\\Request), Object(GuzzleHttp\\Message\\Response))
#1 /srv/www/intra.osx.de/selfoss/vendor/guzzlehttp/guzzle/src/Event/Emitter.php(108): GuzzleHttp\\Subscriber\\HttpError->onComplete(Object(GuzzleHttp\\Event\\CompleteEvent), 'complete')
#2 /srv/www/intra.osx.de/selfoss/vendor/guzzlehttp/guzzle/src/RequestFsm.php(91): GuzzleHttp\\Event\\Emitter->emit('complete', Object(GuzzleHttp\\Event\\CompleteEvent))
#3 /srv/www/intra.osx.de/selfoss/vendor/guzzlehttp/guzzle/src/RequestFsm.php(132): GuzzleHttp\\RequestFsm->__invoke(Object(GuzzleHttp\\Transaction))
#4 /srv/www/intra.osx.de/selfoss/vendor/react/promise/src/FulfilledPromise.php(25): GuzzleHttp\\RequestFsm->GuzzleHttp\\{closure}(Array)
#5 /srv/www/intra.osx.de/selfoss/vendor/guzzlehttp/ringphp/src/Future/CompletedFutureValue.php(55): React\\Promise\\FulfilledPromise->then(Object(Closure), NULL, NULL)
#6 /srv/www/intra.osx.de/selfoss/vendor/guzzlehttp/guzzle/src/Message/FutureResponse.php(43): GuzzleHttp\\Ring\\Future\\CompletedFutureValue->then(Object(Closure), NULL, NULL)
#7 /srv/www/intra.osx.de/selfoss/vendor/guzzlehttp/guzzle/src/RequestFsm.php(135): GuzzleHttp\\Message\\FutureResponse::proxy(Object(GuzzleHttp\\Ring\\Future\\CompletedFutureArray), Object(Closure))
#8 /srv/www/intra.osx.de/selfoss/vendor/guzzlehttp/guzzle/src/RequestFsm.php(132): GuzzleHttp\\RequestFsm->__invoke(Object(GuzzleHttp\\Transaction))
#9 /srv/www/intra.osx.de/selfoss/vendor/react/promise/src/FulfilledPromise.php(25): GuzzleHttp\\RequestFsm->GuzzleHttp\\{closure}(Array)
#10 /srv/www/intra.osx.de/selfoss/vendor/guzzlehttp/ringphp/src/Future/CompletedFutureValue.php(55): React\\Promise\\FulfilledPromise->then(Object(Closure), NULL, NULL)
#11 /srv/www/intra.osx.de/selfoss/vendor/guzzlehttp/guzzle/src/Message/FutureResponse.php(43): GuzzleHttp\\Ring\\Future\\CompletedFutureValue->then(Object(Closure), NULL, NULL)
#12 /srv/www/intra.osx.de/selfoss/vendor/guzzlehttp/guzzle/src/RequestFsm.php(135): GuzzleHttp\\Message\\FutureResponse::proxy(Object(GuzzleHttp\\Ring\\Future\\CompletedFutureArray), Object(Closure))
#13 /srv/www/intra.osx.de/selfoss/vendor/guzzlehttp/guzzle/src/Client.php(165): GuzzleHttp\\RequestFsm->__invoke(Object(GuzzleHttp\\Transaction))
#14 /srv/www/intra.osx.de/selfoss/vendor/guzzlehttp/guzzle/src/Client.php(125): GuzzleHttp\\Client->send(Object(GuzzleHttp\\Message\\Request))
#15 /srv/www/intra.osx.de/selfoss/helpers/WebClient.php(77): GuzzleHttp\\Client->get('http://www.nord...')
#16 /srv/www/intra.osx.de/selfoss/helpers/Image.php(99): helpers\\WebClient::request('http://www.nord...')
#17 /srv/www/intra.osx.de/selfoss/helpers/Image.php(75): helpers\\Image->loadImage('http://www.nord...', false, false)
#18 /srv/www/intra.osx.de/selfoss/spouts/rss/feed.php(253): helpers\\Image->fetchFavicon('http://www.nord...', true)
#19 /srv/www/intra.osx.de/selfoss/helpers/ContentLoader.php(177): spouts\ss\\feed->getIcon()
#20 /srv/www/intra.osx.de/selfoss/helpers/ContentLoader.php(35): helpers\\ContentLoader->fetch(Array)
#21 /srv/www/intra.osx.de/selfoss/cliupdate.php(7): helpers\\ContentLoader->update()
#22 {main}
"} 
